Using pre-set license
Built from '2022.3/release' branch; Version is '2022.3.12f1 (4fe6e059c7ef) revision 5236448'; Using compiler version '192829333'; Build Type 'Release'
OS: 'Windows 11  (10.0.22621) 64bit Professional' Language: 'en' Physical Memory: 32637 MB
BatchMode: 1, IsHumanControllingUs: 0, StartBugReporterOnCrash: 0, Is64bit: 1, IsPro: 1

COMMAND LINE ARGUMENTS:
C:\Program Files\Unity\Hub\Editor\2022.3.12f1\Editor\Unity.exe
-adb2
-batchMode
-noUpm
-name
AssetImportWorker0
-projectPath
C:/Users/nodir/Desktop/00012234_viva
-logFile
Logs/AssetImportWorker0.log
-srvPort
63673
Successfully changed project path to: C:/Users/nodir/Desktop/00012234_viva
C:/Users/nodir/Desktop/00012234_viva
[UnityMemory] Configuration Parameters - Can be set up in boot.config
    "memorysetup-bucket-allocator-granularity=16"
    "memorysetup-bucket-allocator-bucket-count=8"
    "memorysetup-bucket-allocator-block-size=33554432"
    "memorysetup-bucket-allocator-block-count=8"
    "memorysetup-main-allocator-block-size=16777216"
    "memorysetup-thread-allocator-block-size=16777216"
    "memorysetup-gfx-main-allocator-block-size=16777216"
    "memorysetup-gfx-thread-allocator-block-size=16777216"
    "memorysetup-cache-allocator-block-size=4194304"
    "memorysetup-typetree-allocator-block-size=2097152"
    "memorysetup-profiler-bucket-allocator-granularity=16"
    "memorysetup-profiler-bucket-allocator-bucket-count=8"
    "memorysetup-profiler-bucket-allocator-block-size=33554432"
    "memorysetup-profiler-bucket-allocator-block-count=8"
    "memorysetup-profiler-allocator-block-size=16777216"
    "memorysetup-profiler-editor-allocator-block-size=1048576"
    "memorysetup-temp-allocator-size-main=16777216"
    "memorysetup-job-temp-allocator-block-size=2097152"
    "memorysetup-job-temp-allocator-block-size-background=1048576"
    "memorysetup-job-temp-allocator-reduction-small-platforms=262144"
    "memorysetup-allocator-temp-initial-block-size-main=262144"
    "memorysetup-allocator-temp-initial-block-size-worker=262144"
    "memorysetup-temp-allocator-size-background-worker=32768"
    "memorysetup-temp-allocator-size-job-worker=262144"
    "memorysetup-temp-allocator-size-preload-manager=33554432"
    "memorysetup-temp-allocator-size-nav-mesh-worker=65536"
    "memorysetup-temp-allocator-size-audio-worker=65536"
    "memorysetup-temp-allocator-size-cloud-worker=32768"
    "memorysetup-temp-allocator-size-gi-baking-worker=262144"
    "memorysetup-temp-allocator-size-gfx=262144"
Player connection [13240] Host "[IP] 192.168.68.67 [Port] 0 [Flags] 2 [Guid] 1820552223 [EditorId] 1820552223 [Version] 1048832 [Id] WindowsEditor(7,DESKTOP-8NB0AAM) [Debug] 1 [PackageName] WindowsEditor [ProjectName] Editor" joined multi-casting on [225.0.0.222:54997]...

Player connection [13240] Host "[IP] 192.168.68.67 [Port] 0 [Flags] 2 [Guid] 1820552223 [EditorId] 1820552223 [Version] 1048832 [Id] WindowsEditor(7,DESKTOP-8NB0AAM) [Debug] 1 [PackageName] WindowsEditor [ProjectName] Editor" joined alternative multi-casting on [225.0.0.222:34997]...

[Physics::Module] Initialized MultithreadedJobDispatcher with 15 workers.
Refreshing native plugins compatible for Editor in 6.51 ms, found 3 plugins.
Preloading 0 native plugins for Editor in 0.00 ms.
Initialize engine version: 2022.3.12f1 (4fe6e059c7ef)
[Subsystems] Discovering subsystems at path C:/Program Files/Unity/Hub/Editor/2022.3.12f1/Editor/Data/Resources/UnitySubsystems
[Subsystems] Discovering subsystems at path C:/Users/nodir/Desktop/00012234_viva/Assets
GfxDevice: creating device client; threaded=0; jobified=0
Direct3D:
    Version:  Direct3D 11.0 [level 11.1]
    Renderer: NVIDIA GeForce GTX 1650 (ID=0x1f82)
    Vendor:   NVIDIA
    VRAM:     3962 MB
    Driver:   27.21.14.5671
Initialize mono
Mono path[0] = 'C:/Program Files/Unity/Hub/Editor/2022.3.12f1/Editor/Data/Managed'
Mono path[1] = 'C:/Program Files/Unity/Hub/Editor/2022.3.12f1/Editor/Data/MonoBleedingEdge/lib/mono/unityjit-win32'
Mono config path = 'C:/Program Files/Unity/Hub/Editor/2022.3.12f1/Editor/Data/MonoBleedingEdge/etc'
Using monoOptions --debugger-agent=transport=dt_socket,embedding=1,server=y,suspend=n,address=127.0.0.1:56548
Begin MonoManager ReloadAssembly
Registering precompiled unity dll's ...
Register platform support module: C:/Program Files/Unity/Hub/Editor/2022.3.12f1/Editor/Data/PlaybackEngines/WebGLSupport/UnityEditor.WebGL.Extensions.dll
Register platform support module: C:/Program Files/Unity/Hub/Editor/2022.3.12f1/Editor/Data/PlaybackEngines/WindowsStandaloneSupport/UnityEditor.WindowsStandalone.Extensions.dll
Registered in 0.006109 seconds.
- Loaded All Assemblies, in  0.359 seconds
Native extension for WindowsStandalone target not found
Native extension for WebGL target not found
Mono: successfully reloaded assembly
- Finished resetting the current domain, in  0.239 seconds
Domain Reload Profiling: 597ms
	BeginReloadAssembly (119ms)
		ExecutionOrderSort (0ms)
		DisableScriptedObjects (0ms)
		BackupInstance (0ms)
		ReleaseScriptingObjects (0ms)
		CreateAndSetChildDomain (1ms)
	RebuildCommonClasses (34ms)
	RebuildNativeTypeToScriptingClass (10ms)
	initialDomainReloadingComplete (51ms)
	LoadAllAssembliesAndSetupDomain (145ms)
		LoadAssemblies (118ms)
		RebuildTransferFunctionScriptingTraits (0ms)
		AnalyzeDomain (143ms)
			TypeCache.Refresh (142ms)
				TypeCache.ScanAssembly (127ms)
			ScanForSourceGeneratedMonoScriptInfo (0ms)
			ResolveRequiredComponents (0ms)
	FinalizeReload (239ms)
		ReleaseScriptCaches (0ms)
		RebuildScriptCaches (0ms)
		SetupLoadedEditorAssemblies (187ms)
			LogAssemblyErrors (0ms)
			InitializePlatformSupportModulesInManaged (8ms)
			SetLoadedEditorAssemblies (5ms)
			RefreshPlugins (0ms)
			BeforeProcessingInitializeOnLoad (2ms)
			ProcessInitializeOnLoadAttributes (127ms)
			ProcessInitializeOnLoadMethodAttributes (45ms)
			AfterProcessingInitializeOnLoad (0ms)
			EditorAssembliesLoaded (0ms)
		ExecutionOrderSort2 (0ms)
		AwakeInstancesAfterBackupRestoration (0ms)
========================================================================
Worker process is ready to serve import requests
Begin MonoManager ReloadAssembly
- Loaded All Assemblies, in  0.649 seconds
Refreshing native plugins compatible for Editor in 2.46 ms, found 3 plugins.
Native extension for WindowsStandalone target not found
Native extension for WebGL target not found
Package Manager log level set to [2]
[Package Manager] Server::EnsureServerProcessIsRunning -- launch failed, reason: Unity was launched with the -noUpm command-line argument
[Package Manager] UpmClient::Send -- Unable to send message (not connected to UPM process).
[Package Manager] Cannot connect to Unity Package Manager local server
[Package Manager] Server::EnsureServerProcessIsRunning -- launch failed, reason: Unity was launched with the -noUpm command-line argument
[Package Manager] UpmClient::Send -- Unable to send message (not connected to UPM process).
[Package Manager] Cannot connect to Unity Package Manager local server
Mono: successfully reloaded assembly
- Finished resetting the current domain, in  0.589 seconds
Domain Reload Profiling: 1236ms
	BeginReloadAssembly (130ms)
		ExecutionOrderSort (0ms)
		DisableScriptedObjects (5ms)
		BackupInstance (0ms)
		ReleaseScriptingObjects (0ms)
		CreateAndSetChildDomain (18ms)
	RebuildCommonClasses (30ms)
	RebuildNativeTypeToScriptingClass (10ms)
	initialDomainReloadingComplete (35ms)
	LoadAllAssembliesAndSetupDomain (442ms)
		LoadAssemblies (290ms)
		RebuildTransferFunctionScriptingTraits (0ms)
		AnalyzeDomain (227ms)
			TypeCache.Refresh (200ms)
				TypeCache.ScanAssembly (183ms)
			ScanForSourceGeneratedMonoScriptInfo (16ms)
			ResolveRequiredComponents (9ms)
	FinalizeReload (589ms)
		ReleaseScriptCaches (0ms)
		RebuildScriptCaches (0ms)
		SetupLoadedEditorAssemblies (442ms)
			LogAssemblyErrors (0ms)
			InitializePlatformSupportModulesInManaged (7ms)
			SetLoadedEditorAssemblies (3ms)
			RefreshPlugins (0ms)
			BeforeProcessingInitializeOnLoad (68ms)
			ProcessInitializeOnLoadAttributes (338ms)
			ProcessInitializeOnLoadMethodAttributes (20ms)
			AfterProcessingInitializeOnLoad (5ms)
			EditorAssembliesLoaded (0ms)
		ExecutionOrderSort2 (0ms)
		AwakeInstancesAfterBackupRestoration (6ms)
Launched and connected shader compiler UnityShaderCompiler.exe after 0.03 seconds
Refreshing native plugins compatible for Editor in 4.16 ms, found 3 plugins.
Preloading 0 native plugins for Editor in 0.00 ms.
Unloading 3317 Unused Serialized files (Serialized files now loaded: 0)
Unloading 48 unused Assets / (130.9 KB). Loaded Objects now: 3893.
Memory consumption went from 150.7 MB to 150.6 MB.
Total: 3.015200 ms (FindLiveObjects: 0.267100 ms CreateObjectMapping: 0.284800 ms MarkObjects: 2.325100 ms  DeleteObjects: 0.137100 ms)

AssetImportParameters requested are different than current active one (requested -> active):
  custom:container-demuxer-ogg: 62fdf1f143b41e24485cea50d1cbac27 -> 
  custom:video-codec-MediaFoundation-h265: 746d11721c4dcdbdad8f713fa42b33f4 -> 
  custom:video-decoder-ogg-theora: a1e56fd34408186e4bbccfd4996cb3dc -> 
  custom:framework-win-MediaFoundation: 216162199b28c13a410421893ffa2e32 -> 
  custom:container-demuxer-webm: 4f35f7cbe854078d1ac9338744f61a02 -> 
  custom:container-muxer-webm: aa71ff27fc2769a1b78a27578f13a17b -> 
  custom:video-decoder-webm-vp8: 9c59270c3fd7afecdb556c50c9e8de78 -> 
  custom:AudioImporter_EditorPlatform: d09bf68614088b80899f8185d706f6e7 -> 
  custom:video-encoder-webm-vp8: eb34c28f22e8b96e1ab97ce403110664 -> 
  custom:audio-decoder-ogg-vorbis: bf7c407c2cedff20999df2af8eb42d56 -> 
  custom:audio-encoder-webm-vorbis: bf7c407c2cedff20999df2af8eb42d56 -> 
========================================================================
Received Import Request.
  Time since last request: 288141.899293 seconds.
  path: Assets/Cartoon_Tank_Free/CTF_Prefabs/TankFree_Red.prefab
  artifactKey: Guid(dc84a58afe1344547a230a5cb3c072c8) Importer(815301076,1909f56bfc062723c751e8b465ee728b)
Start importing Assets/Cartoon_Tank_Free/CTF_Prefabs/TankFree_Red.prefab using Guid(dc84a58afe1344547a230a5cb3c072c8) Importer(815301076,1909f56bfc062723c751e8b465ee728b)  -> (artifact id: 'ed4c69109e3b205919f5dfafff585d33') in 0.354181 seconds
Number of updated asset objects reloaded before import = 0
Number of asset objects unloaded after import = 61
========================================================================
Received Import Request.
  Time since last request: 0.000026 seconds.
  path: Assets/Cartoon_Tank_Free/CTF_Prefabs/СTF_Mine_Yel.prefab
  artifactKey: Guid(f3bbfc0d1c203084e948803d71c586b5) Importer(815301076,1909f56bfc062723c751e8b465ee728b)
Start importing Assets/Cartoon_Tank_Free/CTF_Prefabs/СTF_Mine_Yel.prefab using Guid(f3bbfc0d1c203084e948803d71c586b5) Importer(815301076,1909f56bfc062723c751e8b465ee728b)  -> (artifact id: '6043677b0dfa0800d70447b4483a9869') in 0.108450 seconds
Number of updated asset objects reloaded before import = 0
Number of asset objects unloaded after import = 11
========================================================================
Received Import Request.
  Time since last request: 0.000017 seconds.
  path: Assets/Cartoon_Tank_Free/CTF_Prefabs/СTF_Box_Cap_Blue.prefab
  artifactKey: Guid(01aefc43126577342a914d6888b57a3b) Importer(815301076,1909f56bfc062723c751e8b465ee728b)
Start importing Assets/Cartoon_Tank_Free/CTF_Prefabs/СTF_Box_Cap_Blue.prefab using Guid(01aefc43126577342a914d6888b57a3b) Importer(815301076,1909f56bfc062723c751e8b465ee728b)  -> (artifact id: '6c4a897e111711ad39cf45efe997c061') in 0.015439 seconds
Number of updated asset objects reloaded before import = 0
Number of asset objects unloaded after import = 11
========================================================================
Received Import Request.
  Time since last request: 0.000014 seconds.
  path: Assets/Cartoon_Tank_Free/CTF_Prefabs/TankFree_Yel.prefab
  artifactKey: Guid(ae98f3b2f9fb19e4dba07742ad8d6f4d) Importer(815301076,1909f56bfc062723c751e8b465ee728b)
Start importing Assets/Cartoon_Tank_Free/CTF_Prefabs/TankFree_Yel.prefab using Guid(ae98f3b2f9fb19e4dba07742ad8d6f4d) Importer(815301076,1909f56bfc062723c751e8b465ee728b)  -> (artifact id: 'a9cb2de66e8d7ddb4d557cce593bf9dd') in 0.020709 seconds
Number of updated asset objects reloaded before import = 0
Number of asset objects unloaded after import = 44
========================================================================
Received Import Request.
  Time since last request: 0.000014 seconds.
  path: Assets/Cartoon_Tank_Free/CTF_Prefabs/СTF_Missile_Red.prefab
  artifactKey: Guid(08338119ba0c943449889713a3e36f21) Importer(815301076,1909f56bfc062723c751e8b465ee728b)
Start importing Assets/Cartoon_Tank_Free/CTF_Prefabs/СTF_Missile_Red.prefab using Guid(08338119ba0c943449889713a3e36f21) Importer(815301076,1909f56bfc062723c751e8b465ee728b)  -> (artifact id: '0c25e100c903aff809b198068d6984c7') in 0.016577 seconds
Number of updated asset objects reloaded before import = 0
Number of asset objects unloaded after import = 11
========================================================================
Received Import Request.
  Time since last request: 0.000016 seconds.
  path: Assets/Cartoon_Tank_Free/CTF_Prefabs/TankFree_Blue.prefab
  artifactKey: Guid(a30540c41d7d5ed4281d72b4916afb5e) Importer(815301076,1909f56bfc062723c751e8b465ee728b)
Start importing Assets/Cartoon_Tank_Free/CTF_Prefabs/TankFree_Blue.prefab using Guid(a30540c41d7d5ed4281d72b4916afb5e) Importer(815301076,1909f56bfc062723c751e8b465ee728b)  -> (artifact id: '34322b26b35f092ecb40efbc74c04d0f') in 0.017680 seconds
Number of updated asset objects reloaded before import = 0
Number of asset objects unloaded after import = 42
========================================================================
Received Import Request.
  Time since last request: 0.000013 seconds.
  path: Assets/Cartoon_Tank_Free/CTF_Prefabs/СTF_Mine_Red.prefab
  artifactKey: Guid(490f0ac7897da974780edf3173c56f0b) Importer(815301076,1909f56bfc062723c751e8b465ee728b)
Start importing Assets/Cartoon_Tank_Free/CTF_Prefabs/СTF_Mine_Red.prefab using Guid(490f0ac7897da974780edf3173c56f0b) Importer(815301076,1909f56bfc062723c751e8b465ee728b)  -> (artifact id: '75db2cae45871517a71c124ff27f1eb1') in 0.016207 seconds
Number of updated asset objects reloaded before import = 0
Number of asset objects unloaded after import = 11
========================================================================
Received Import Request.
  Time since last request: 0.000015 seconds.
  path: Assets/Cartoon_Tank_Free/CTF_Prefabs/СTF_Box_Blue.prefab
  artifactKey: Guid(49ab7394bf48df74f9a2f51fd9d0c3b6) Importer(815301076,1909f56bfc062723c751e8b465ee728b)
Start importing Assets/Cartoon_Tank_Free/CTF_Prefabs/СTF_Box_Blue.prefab using Guid(49ab7394bf48df74f9a2f51fd9d0c3b6) Importer(815301076,1909f56bfc062723c751e8b465ee728b)  -> (artifact id: '4fccced04995296d1867b752bb9533c1') in 0.015706 seconds
Number of updated asset objects reloaded before import = 0
Number of asset objects unloaded after import = 11
========================================================================
Received Import Request.
  Time since last request: 0.000015 seconds.
  path: Assets/Cartoon_Tank_Free/CTF_Prefabs/СTF_Box_Green.prefab
  artifactKey: Guid(1d91a76fc1909bf42b2e2ce0b229ffa2) Importer(815301076,1909f56bfc062723c751e8b465ee728b)
Start importing Assets/Cartoon_Tank_Free/CTF_Prefabs/СTF_Box_Green.prefab using Guid(1d91a76fc1909bf42b2e2ce0b229ffa2) Importer(815301076,1909f56bfc062723c751e8b465ee728b)  -> (artifact id: 'fad9df1595e61e726ef228c40b167f4c') in 0.017399 seconds
Number of updated asset objects reloaded before import = 0
Number of asset objects unloaded after import = 11
========================================================================
Received Import Request.
  Time since last request: 0.000025 seconds.
  path: Assets/Cartoon_Tank_Free/CTF_3dModel/СTF_TankFree.FBX
  artifactKey: Guid(3d210b2be9d4b9144b53828dfc2e73e3) Importer(815301076,1909f56bfc062723c751e8b465ee728b)
Start importing Assets/Cartoon_Tank_Free/CTF_3dModel/СTF_TankFree.FBX using Guid(3d210b2be9d4b9144b53828dfc2e73e3) Importer(815301076,1909f56bfc062723c751e8b465ee728b)  -> (artifact id: '714db2430c42da16c643162e69fd5f9f') in 0.297565 seconds
Number of updated asset objects reloaded before import = 0
Number of asset objects unloaded after import = 72
========================================================================
Received Import Request.
  Time since last request: 18.802919 seconds.
  path: Assets/Cartoon_Tank_Free/CTF_Materials/CTF_Mat_AdElements_Green.mat
  artifactKey: Guid(0ab420e2856629243bd809cccc862fd1) Importer(815301076,1909f56bfc062723c751e8b465ee728b)
Start importing Assets/Cartoon_Tank_Free/CTF_Materials/CTF_Mat_AdElements_Green.mat using Guid(0ab420e2856629243bd809cccc862fd1) Importer(815301076,1909f56bfc062723c751e8b465ee728b)  -> (artifact id: '02747b1915aa9697ffe406240db0fe35') in 0.022878 seconds
Number of updated asset objects reloaded before import = 0
Number of asset objects unloaded after import = 4
========================================================================
Received Import Request.
  Time since last request: 0.000015 seconds.
  path: Assets/Cartoon_Tank_Free/CTF_Materials/CTF_Mat_TankFree_Red.mat
  artifactKey: Guid(4bd122cb58a5d8645afd8bf406f31e3f) Importer(815301076,1909f56bfc062723c751e8b465ee728b)
Start importing Assets/Cartoon_Tank_Free/CTF_Materials/CTF_Mat_TankFree_Red.mat using Guid(4bd122cb58a5d8645afd8bf406f31e3f) Importer(815301076,1909f56bfc062723c751e8b465ee728b)  -> (artifact id: 'd00850ad21dee6e68965a1c47c8aba1c') in 0.049473 seconds
Number of updated asset objects reloaded before import = 0
Number of asset objects unloaded after import = 5
========================================================================
Received Import Request.
  Time since last request: 0.000017 seconds.
  path: Assets/Cartoon_Tank_Free/CTF_Materials/CTF_Mat_Platform.mat
  artifactKey: Guid(6fbb381d9e906294dbcfe29b553eb8f0) Importer(815301076,1909f56bfc062723c751e8b465ee728b)
Start importing Assets/Cartoon_Tank_Free/CTF_Materials/CTF_Mat_Platform.mat using Guid(6fbb381d9e906294dbcfe29b553eb8f0) Importer(815301076,1909f56bfc062723c751e8b465ee728b)  -> (artifact id: 'b267e4c205ae59b6ee362caa40a6afc8') in 0.058338 seconds
Number of updated asset objects reloaded before import = 0
Number of asset objects unloaded after import = 4
========================================================================
Received Import Request.
  Time since last request: 0.000017 seconds.
  path: Assets/Cartoon_Tank_Free/CTF_Materials/CTF_Mat_TankFree_Green.mat
  artifactKey: Guid(36797ffef13d2934b9df4b1eee1d60ad) Importer(815301076,1909f56bfc062723c751e8b465ee728b)
Start importing Assets/Cartoon_Tank_Free/CTF_Materials/CTF_Mat_TankFree_Green.mat using Guid(36797ffef13d2934b9df4b1eee1d60ad) Importer(815301076,1909f56bfc062723c751e8b465ee728b)  -> (artifact id: 'e20f20f27b22770d109c956937b895e5') in 0.021660 seconds
Number of updated asset objects reloaded before import = 0
Number of asset objects unloaded after import = 5
========================================================================
Received Prepare
Begin MonoManager ReloadAssembly
- Loaded All Assemblies, in  0.411 seconds
Refreshing native plugins compatible for Editor in 2.44 ms, found 3 plugins.
Native extension for WindowsStandalone target not found
Native extension for WebGL target not found
[Package Manager] Server::EnsureServerProcessIsRunning -- launch failed, reason: Unity was launched with the -noUpm command-line argument
[Package Manager] UpmClient::Send -- Unable to send message (not connected to UPM process).
[Package Manager] Cannot connect to Unity Package Manager local server
[Package Manager] Server::EnsureServerProcessIsRunning -- launch failed, reason: Unity was launched with the -noUpm command-line argument
[Package Manager] UpmClient::Send -- Unable to send message (not connected to UPM process).
[Package Manager] Cannot connect to Unity Package Manager local server
Mono: successfully reloaded assembly
- Finished resetting the current domain, in  0.731 seconds
Domain Reload Profiling: 1141ms
	BeginReloadAssembly (141ms)
		ExecutionOrderSort (0ms)
		DisableScriptedObjects (4ms)
		BackupInstance (0ms)
		ReleaseScriptingObjects (0ms)
		CreateAndSetChildDomain (29ms)
	RebuildCommonClasses (28ms)
	RebuildNativeTypeToScriptingClass (10ms)
	initialDomainReloadingComplete (24ms)
	LoadAllAssembliesAndSetupDomain (207ms)
		LoadAssemblies (271ms)
		RebuildTransferFunctionScriptingTraits (0ms)
		AnalyzeDomain (17ms)
			TypeCache.Refresh (9ms)
				TypeCache.ScanAssembly (0ms)
			ScanForSourceGeneratedMonoScriptInfo (0ms)
			ResolveRequiredComponents (7ms)
	FinalizeReload (732ms)
		ReleaseScriptCaches (0ms)
		RebuildScriptCaches (0ms)
		SetupLoadedEditorAssemblies (363ms)
			LogAssemblyErrors (0ms)
			InitializePlatformSupportModulesInManaged (5ms)
			SetLoadedEditorAssemblies (3ms)
			RefreshPlugins (0ms)
			BeforeProcessingInitializeOnLoad (54ms)
			ProcessInitializeOnLoadAttributes (277ms)
			ProcessInitializeOnLoadMethodAttributes (18ms)
			AfterProcessingInitializeOnLoad (4ms)
			EditorAssembliesLoaded (0ms)
		ExecutionOrderSort2 (0ms)
		AwakeInstancesAfterBackupRestoration (5ms)
Refreshing native plugins compatible for Editor in 3.13 ms, found 3 plugins.
Preloading 0 native plugins for Editor in 0.00 ms.
Unloading 3285 Unused Serialized files (Serialized files now loaded: 0)
Unloading 27 unused Assets / (102.8 KB). Loaded Objects now: 3953.
Memory consumption went from 150.8 MB to 150.7 MB.
Total: 2.429900 ms (FindLiveObjects: 0.257900 ms CreateObjectMapping: 0.263700 ms MarkObjects: 1.854200 ms  DeleteObjects: 0.053200 ms)

Prepare: number of updated asset objects reloaded= 0
AssetImportParameters requested are different than current active one (requested -> active):
  custom:container-demuxer-ogg: 62fdf1f143b41e24485cea50d1cbac27 -> 
  custom:video-codec-MediaFoundation-h265: 746d11721c4dcdbdad8f713fa42b33f4 -> 
  custom:video-decoder-ogg-theora: a1e56fd34408186e4bbccfd4996cb3dc -> 
  custom:framework-win-MediaFoundation: 216162199b28c13a410421893ffa2e32 -> 
  custom:CustomObjectIndexerAttribute: 756ad292c208cfabdd7b50bc23989ffe -> 
  custom:container-demuxer-webm: 4f35f7cbe854078d1ac9338744f61a02 -> 
  custom:container-muxer-webm: aa71ff27fc2769a1b78a27578f13a17b -> 
  custom:video-decoder-webm-vp8: 9c59270c3fd7afecdb556c50c9e8de78 -> 
  custom:SearchIndexIgnoredProperties: e643bd26f0fe6173181afceb89e7c659 -> 
  custom:AudioImporter_EditorPlatform: d09bf68614088b80899f8185d706f6e7 -> 
  custom:video-encoder-webm-vp8: eb34c28f22e8b96e1ab97ce403110664 -> 
  custom:audio-decoder-ogg-vorbis: bf7c407c2cedff20999df2af8eb42d56 -> 
  custom:audio-encoder-webm-vorbis: bf7c407c2cedff20999df2af8eb42d56 -> 
========================================================================
Received Prepare
Begin MonoManager ReloadAssembly
- Loaded All Assemblies, in  0.414 seconds
Refreshing native plugins compatible for Editor in 2.45 ms, found 3 plugins.
Native extension for WindowsStandalone target not found
Native extension for WebGL target not found
[Package Manager] Server::EnsureServerProcessIsRunning -- launch failed, reason: Unity was launched with the -noUpm command-line argument
[Package Manager] UpmClient::Send -- Unable to send message (not connected to UPM process).
[Package Manager] Cannot connect to Unity Package Manager local server
[Package Manager] Server::EnsureServerProcessIsRunning -- launch failed, reason: Unity was launched with the -noUpm command-line argument
[Package Manager] UpmClient::Send -- Unable to send message (not connected to UPM process).
[Package Manager] Cannot connect to Unity Package Manager local server
Mono: successfully reloaded assembly
- Finished resetting the current domain, in  0.763 seconds
Domain Reload Profiling: 1175ms
	BeginReloadAssembly (146ms)
		ExecutionOrderSort (0ms)
		DisableScriptedObjects (5ms)
		BackupInstance (0ms)
		ReleaseScriptingObjects (0ms)
		CreateAndSetChildDomain (29ms)
	RebuildCommonClasses (37ms)
	RebuildNativeTypeToScriptingClass (10ms)
	initialDomainReloadingComplete (23ms)
	LoadAllAssembliesAndSetupDomain (195ms)
		LoadAssemblies (265ms)
		RebuildTransferFunctionScriptingTraits (0ms)
		AnalyzeDomain (15ms)
			TypeCache.Refresh (7ms)
				TypeCache.ScanAssembly (0ms)
			ScanForSourceGeneratedMonoScriptInfo (0ms)
			ResolveRequiredComponents (7ms)
	FinalizeReload (763ms)
		ReleaseScriptCaches (0ms)
		RebuildScriptCaches (0ms)
		SetupLoadedEditorAssemblies (392ms)
			LogAssemblyErrors (0ms)
			InitializePlatformSupportModulesInManaged (6ms)
			SetLoadedEditorAssemblies (4ms)
			RefreshPlugins (0ms)
			BeforeProcessingInitializeOnLoad (52ms)
			ProcessInitializeOnLoadAttributes (302ms)
			ProcessInitializeOnLoadMethodAttributes (23ms)
			AfterProcessingInitializeOnLoad (5ms)
			EditorAssembliesLoaded (0ms)
		ExecutionOrderSort2 (0ms)
		AwakeInstancesAfterBackupRestoration (6ms)
Refreshing native plugins compatible for Editor in 2.53 ms, found 3 plugins.
Preloading 0 native plugins for Editor in 0.00 ms.
Unloading 3286 Unused Serialized files (Serialized files now loaded: 0)
Unloading 27 unused Assets / (103.0 KB). Loaded Objects now: 3968.
Memory consumption went from 153.0 MB to 152.9 MB.
Total: 3.314000 ms (FindLiveObjects: 0.291700 ms CreateObjectMapping: 0.297300 ms MarkObjects: 2.664800 ms  DeleteObjects: 0.059500 ms)

Prepare: number of updated asset objects reloaded= 0
AssetImportParameters requested are different than current active one (requested -> active):
  custom:container-demuxer-ogg: 62fdf1f143b41e24485cea50d1cbac27 -> 
  custom:video-codec-MediaFoundation-h265: 746d11721c4dcdbdad8f713fa42b33f4 -> 
  custom:video-decoder-ogg-theora: a1e56fd34408186e4bbccfd4996cb3dc -> 
  custom:framework-win-MediaFoundation: 216162199b28c13a410421893ffa2e32 -> 
  custom:CustomObjectIndexerAttribute: 756ad292c208cfabdd7b50bc23989ffe -> 
  custom:container-demuxer-webm: 4f35f7cbe854078d1ac9338744f61a02 -> 
  custom:container-muxer-webm: aa71ff27fc2769a1b78a27578f13a17b -> 
  custom:video-decoder-webm-vp8: 9c59270c3fd7afecdb556c50c9e8de78 -> 
  custom:SearchIndexIgnoredProperties: e643bd26f0fe6173181afceb89e7c659 -> 
  custom:AudioImporter_EditorPlatform: d09bf68614088b80899f8185d706f6e7 -> 
  custom:video-encoder-webm-vp8: eb34c28f22e8b96e1ab97ce403110664 -> 
  custom:audio-decoder-ogg-vorbis: bf7c407c2cedff20999df2af8eb42d56 -> 
  custom:audio-encoder-webm-vorbis: bf7c407c2cedff20999df2af8eb42d56 -> 
Editor requested this worker to shutdown with reason: Scaling down because of idle timeout
TcpMessagingSession - receive error: operation aborted. errorcode: 995, details: The I/O operation has been aborted because of either a thread exit or an application request.
AssetImportWorker is now disconnected from the server
Process exiting
Exiting without the bug reporter. Application will terminate with return code 0